[2026-04-30 22:55:43] ============================================================
[2026-04-30 22:55:43] JARVIS launcher started.
[2026-04-30 22:55:43] Python: D:\Jarvis\JARVIS\jarvis\Scripts\python.exe
[2026-04-30 22:55:43] Entry:  D:\Jarvis\JARVIS\main.py
[2026-04-30 22:55:43] ============================================================
[2026-04-30 22:55:43] Starting JARVIS (crash #0 so far)...
[2026-04-30 22:55:43] JARVIS crashed (exit code 1) after 0s. Crash #1 — restarting in 3s...
[2026-04-30 22:55:46] Starting JARVIS (crash #1 so far)...
[2026-04-30 22:55:47] JARVIS crashed (exit code 1) after 0s. Crash #2 — restarting in 3s...
[2026-04-30 22:55:50] Starting JARVIS (crash #2 so far)...
[2026-04-30 22:55:50] JARVIS crashed (exit code 1) after 0s. Crash #3 — restarting in 3s...
[2026-04-30 22:55:53] Starting JARVIS (crash #3 so far)...
[2026-04-30 22:55:53] JARVIS crashed (exit code 1) after 0s. Crash #4 — restarting in 3s...
[2026-04-30 22:55:56] Starting JARVIS (crash #4 so far)...
[2026-04-30 22:55:57] JARVIS crashed (exit code 1) after 0s. Crash #5 — restarting in 3s...
[2026-04-30 22:56:00] Starting JARVIS (crash #5 so far)...
[2026-04-30 22:56:00] JARVIS crashed (exit code 1) after 0s. Crash #6 — restarting in 3s...
[2026-04-30 22:56:03] Starting JARVIS (crash #6 so far)...
[2026-04-30 22:56:03] JARVIS crashed (exit code 1) after 0s. Crash #7 — restarting in 3s...
[2026-04-30 22:56:06] Starting JARVIS (crash #7 so far)...
[2026-04-30 22:56:07] JARVIS crashed (exit code 1) after 0s. Crash #8 — restarting in 3s...
[2026-04-30 22:56:10] Starting JARVIS (crash #8 so far)...
[2026-04-30 22:56:10] JARVIS crashed (exit code 1) after 0s. Crash #9 — restarting in 3s...
[2026-04-30 22:56:13] Starting JARVIS (crash #9 so far)...
[2026-04-30 22:56:14] JARVIS crashed (exit code 1) after 0s. Crash #10 — restarting in 3s...
[2026-04-30 22:56:17] FATAL: 10 crashes within 60s. Stopping to prevent crash loop. Check logs/crash.log for details.
[2026-04-30 22:56:17] Total crashes this session: 10
[2026-04-30 22:56:17] Total uptime:               33s
[2026-04-30 22:57:00] ============================================================
[2026-04-30 22:57:00] JARVIS launcher started.
[2026-04-30 22:57:00] Python: D:\Jarvis\JARVIS\jarvis\Scripts\python.exe
[2026-04-30 22:57:00] Entry:  D:\Jarvis\JARVIS\main.py
[2026-04-30 22:57:00] ============================================================
[2026-04-30 22:57:00] Starting JARVIS (crash #0 so far)...
[2026-04-30 22:59:11] ============================================================
[2026-04-30 22:59:11] JARVIS launcher started.
[2026-04-30 22:59:11] Python: D:\Jarvis\JARVIS\jarvis\Scripts\python.exe
[2026-04-30 22:59:11] Entry:  D:\Jarvis\JARVIS\main.py
[2026-04-30 22:59:11] ============================================================
[2026-04-30 22:59:11] Starting JARVIS (crash #0 so far)...
[2026-04-30 23:04:08] JARVIS exited cleanly after 4m 56s. Launcher done.
[2026-04-30 23:04:08] Launcher exited. Total uptime: 4m 56s, total crashes: 0
